
Showing logs for build [32mcb-kubecd-environment-pr-163-1-cbtrv-1[0m stage [32mfrom-build-pack[0m and container [32mstep-credential-initializer-mfqsw[0m
{"level":"warn","ts":1582080092.4995875,"logger":"fallback-logger","caller":"logging/config.go:69","msg":"Fetch GitHub commit ID from kodata failed: \"ref: refs/heads/0.8.0-**-support-backwards-incompats\" is not a valid GitHub commit ID"}
{"level":"info","ts":1582080092.500133,"logger":"fallback-logger","caller":"creds-init/main.go:40","msg":"Credentials initialized."}

Showing logs for build [32mcb-kubecd-environment-pr-163-1-cbtrv-1[0m stage [32mfrom-build-pack[0m and container [32mstep-working-dir-initializer-wfxfm[0m
{"level":"warn","ts":1582080093.550212,"logger":"fallback-logger","caller":"logging/config.go:69","msg":"Fetch GitHub commit ID from kodata failed: open /var/run/ko/HEAD: no such file or directory"}
{"level":"info","ts":1582080093.5522637,"logger":"fallback-logger","caller":"bash/main.go:64","msg":"Successfully executed command \"sh -c mkdir -p /workspace/source\"; output "}

Showing logs for build [32mcb-kubecd-environment-pr-163-1-cbtrv-1[0m stage [32mfrom-build-pack[0m and container [32mstep-place-tools[0m

Showing logs for build [32mcb-kubecd-environment-pr-163-1-cbtrv-1[0m stage [32mfrom-build-pack[0m and container [32mstep-git-source-cb-kubecd-environment-pr-163-1-cbtrv-wx29j[0m
{"level":"warn","ts":1582080097.6458995,"logger":"fallback-logger","caller":"logging/config.go:69","msg":"Fetch GitHub commit ID from kodata failed: \"ref: refs/heads/0.8.0-**-support-backwards-incompats\" is not a valid GitHub commit ID"}
{"level":"info","ts":1582080098.7860713,"logger":"fallback-logger","caller":"git/git.go:103","msg":"Successfully cloned https://github.com/cb-kubecd/environment-pr-163-1-boot-gke-production.git @ master in path /workspace/source"}

Showing logs for build [32mcb-kubecd-environment-pr-163-1-cbtrv-1[0m stage [32mfrom-build-pack[0m and container [32mstep-git-merge[0m
Using SHAs from PULL_REFS=master:68f1312f522ea7a9d1ac4f07822a8880fcca3c1a,1:fff5b3808a9c575da83489d9aeec66ecec655e04
DEBUG: LC_ALL=C JX_LOG_LEVEL=error git fetch origin --unshallow fff5b3808a9c575da83489d9aeec66ecec655e04: 68f1312f522ea7a9d1ac4f07822a8880fcca3c1a:
DEBUG: ran git fetch --unshallow origin fff5b3808a9c575da83489d9aeec66ecec655e04: 68f1312f522ea7a9d1ac4f07822a8880fcca3c1a: in 
DEBUG: LC_ALL=C JX_LOG_LEVEL=error git branch
DEBUG: LC_ALL=C JX_LOG_LEVEL=error git checkout master
DEBUG: ran git checkout master in 
DEBUG: LC_ALL=C JX_LOG_LEVEL=error git reset --hard 68f1312f522ea7a9d1ac4f07822a8880fcca3c1a
DEBUG: ran git reset --hard 68f1312f522ea7a9d1ac4f07822a8880fcca3c1a in 
DEBUG: LC_ALL=C JX_LOG_LEVEL=error git clean -fd .
DEBUG: ran clean --force -d . in 
DEBUG: LC_ALL=C JX_LOG_LEVEL=error git merge fff5b3808a9c575da83489d9aeec66ecec655e04
DEBUG: ran git merge fff5b3808a9c575da83489d9aeec66ecec655e04 in 
DEBUG: JX_LOG_LEVEL=error LC_ALL=C git log --format=%H%x1f%an%x1f%ae%x1f%cn%x1f%ce%x1f%s%n%b%x1e 68f1312f522ea7a9d1ac4f07822a8880fcca3c1a..HEAD
Merged SHA fff5b3808a9c575da83489d9aeec66ecec655e04 with commit message 'chore: Promote bdd-spring-1582079145 to version 0.0.1' into base branch master

Showing logs for build [32mcb-kubecd-environment-pr-163-1-cbtrv-1[0m stage [32mfrom-build-pack[0m and container [32mstep-build-helm-build[0m
WARNING: No $CHART_REPOSITORY defined so using the default value of: http://jenkins-x-chartmuseum:8080
Adding missing Helm repo: storage.googleapis.com https://storage.googleapis.com/chartmuseum.jenkins-x.io
WARNING: No secrets found on "helm/repos" due: reading the secret "helm/repos" from vault: no secret "helm/repos" not found in vault
Read credentials for https://storage.googleapis.com/chartmuseum.jenkins-x.io from vault helm/repos
Successfully added Helm repository storage.googleapis.com.
Adding missing Helm repo: jenkins-x-chartmuseum http://jenkins-x-chartmuseum:8080
WARNING: No secrets found on "helm/repos" due: reading the secret "helm/repos" from vault: no secret "helm/repos" not found in vault
Read credentials for http://jenkins-x-chartmuseum:8080 from vault helm/repos
Successfully added Helm repository jenkins-x-chartmuseum.
WARNING: No $CHART_REPOSITORY defined so using the default value of: http://jenkins-x-chartmuseum:8080
Adding missing Helm repo: chartmuseum.jenkins-x.io http://chartmuseum.jenkins-x.io
WARNING: No secrets found on "helm/repos" due: reading the secret "helm/repos" from vault: no secret "helm/repos" not found in vault
Read credentials for http://chartmuseum.jenkins-x.io from vault helm/repos
Successfully added Helm repository chartmuseum.jenkins-x.io.
